
Gurobi 7.5.1 (mac64, Python) logging started Tue Oct 17 14:56:33 2017

Academic license - for non-commercial use only
Optimize a model with 20250 rows, 18900 columns and 120950 nonzeros
Variable types: 675 continuous, 18225 integer (18225 binary)
Coefficient statistics:
  Matrix range     [1e+00, 1e+04]
  Objective range  [7e+00, 7e+01]
  Bounds range     [1e+00, 1e+00]
  RHS range        [1e+00, 1e+04]
Presolve removed 2050 rows and 725 columns
Presolve time: 0.17s
Presolved: 18200 rows, 18175 columns, 102475 nonzeros
Variable types: 675 continuous, 17500 integer (17500 binary)

Deterministic concurrent LP optimizer: primal and dual simplex
Showing first log only...

Presolved: 18200 rows, 18175 columns, 102475 nonzeros

Concurrent spin time: 0.01s

Solved with dual simplex

Root relaxation: objective 2.774866e+02, 524 iterations, 0.09 seconds

    Nodes    |    Current Node    |     Objective Bounds      |     Work
 Expl Unexpl |  Obj  Depth IntInf | Incumbent    BestBd   Gap | It/Node Time

     0     0  277.48655    0   50          -  277.48655      -     -    0s
     0     0  277.48655    0   50          -  277.48655      -     -    0s
     0     0  277.48655    0   50          -  277.48655      -     -    0s
     0     0  277.48655    0   50          -  277.48655      -     -    1s
     0     0  277.48655    0   50          -  277.48655      -     -    1s
     0     0  277.48655    0   50          -  277.48655      -     -    1s
     0     0  277.48655    0   50          -  277.48655      -     -    1s
     0     0  277.48655    0   50          -  277.48655      -     -    1s
     0     0  277.48655    0   50          -  277.48655      -     -    1s
     0     2  277.48655    0   50          -  277.48655      -     -    2s
    42    45  291.83209    8   52          -  281.95174      -  80.7    5s
   284   283  285.53726   61   44          -  281.95174      -  55.0   10s
   538   539  294.37113   98   45          -  281.95174      -  47.5   15s
   819   820  295.24135  141   48          -  281.95174      -  40.9   20s
  1289  1284  296.12411  220   38          -  281.95174      -  38.1   25s
  1843  1801  296.41596  272   64          -  281.95174      -  33.1   30s
  2398  2325  297.24456  376   52          -  281.95174      -  34.7   35s
  3052  2954  415.25440  508   32          -  281.95174      -  33.6   40s
  3514  3326  318.51740   67   50          -  281.99633      -  32.7   45s
  3517  3331  281.99633   11   50          -  281.99633      -   0.7   50s
  3576  3367  284.59870   19   50          -  283.92470      -   2.2   55s
  3781  3502  285.62629   38   40          -  283.92470      -   6.4   60s
  4027  3663  340.46231   61   48          -  283.92470      -  12.2   65s
  4277  3830  295.15718   84   53          -  283.92470      -  19.8   70s
  4559  4016  312.02906  113   48          -  283.92470      -  26.7   75s
  4908  4199  296.45668  134   50          -  283.92470      -  32.8   80s
  5228  4412  296.91194  158   29          -  283.92470      -  39.7   85s
  5524  4592  297.01930  172   46          -  283.92470      -  44.8   90s
  6093  4918  314.86748  194   39          -  283.92470      -  50.4   96s
  6441  5140  297.35445  207   65          -  283.92470      -  51.7  100s
  6609  5229  297.36660  213   54          -  283.92470      -  52.9  109s
  6702  5266  297.44506  218   49          -  283.92470      -  53.7  110s
  7306  5626  297.61540  245   39          -  283.92470      -  54.0  116s
  7891  5936  298.12371  262   54          -  283.92470      -  54.0  120s
  8465  6232  334.97972  279   42          -  283.92470      -  54.3  125s
  9145  6663  337.01150  311   29          -  283.92470      -  55.2  131s
  9692  6961  311.52078  343   36          -  283.92470      -  54.6  136s
 10174  7249  312.02643  371   60          -  283.92470      -  55.3  142s
 10518  7467  313.92976  385   57          -  283.92470      -  55.8  146s
 11498  8016  320.90415  411   51          -  283.92470      -  55.5  153s
 11922  8280  321.04849  430   64          -  283.92470      -  55.5  157s
 12416  8570  321.12328  445   54          -  283.92470      -  55.7  161s
 12913  8864  400.92545  461   28          -  283.92470      -  55.8  165s
 13264  9065  322.05894  485   34          -  283.92470      -  55.9  170s
 14505 10080  293.56293   34   54          -  283.92470      -  54.9  178s
 14925 10486  294.94583  123   33          -  283.92470      -  55.1  181s
 15262 10813  295.56101  222   72          -  283.92470      -  55.2  186s
 16327 11757  330.71606  485   41          -  283.92470      -  54.4  193s
 16872 12256 infeasible  610               -  283.98726      -  54.0  197s
 17211 12576  294.31266   90   64          -  283.98726      -  54.0  200s
 18112 13430  506.31783  276   27          -  284.02809      -  54.4  207s
 18656 13918  295.19808  112   46          -  284.02809      -  54.1  211s
 19701 14878  422.46317  382   34          -  284.12681      -  53.5  217s
 20233 15340  300.12979   29   41          -  284.12681      -  53.2  220s

Cutting planes:
  Learned: 4
  Gomory: 10
  Implied bound: 70
  MIR: 19

Explored 21025 nodes (1231708 simplex iterations) in 255.17 seconds
Thread count was 8 (of 8 available processors)

Solution count 0

Solve interrupted
Best objective -, best bound 2.841268143156e+02, gap -

Gurobi 7.5.1 (mac64, Python) logging started Tue Oct 17 15:01:11 2017

Academic license - for non-commercial use only
Optimize a model with 20250 rows, 18900 columns and 120950 nonzeros
Variable types: 675 continuous, 18225 integer (18225 binary)
Coefficient statistics:
  Matrix range     [1e+00, 1e+04]
  Objective range  [2e+00, 5e+01]
  Bounds range     [1e+00, 1e+00]
  RHS range        [1e+00, 1e+04]
Presolve removed 15775 rows and 7600 columns
Presolve time: 0.14s
Presolved: 4475 rows, 11300 columns, 57100 nonzeros
Variable types: 675 continuous, 10625 integer (10625 binary)

Root relaxation: objective 1.895102e+02, 1236 iterations, 0.07 seconds

    Nodes    |    Current Node    |     Objective Bounds      |     Work
 Expl Unexpl |  Obj  Depth IntInf | Incumbent    BestBd   Gap | It/Node Time

     0     0  189.51018    0   40          -  189.51018      -     -    0s
     0     0  189.51018    0   54          -  189.51018      -     -    0s
     0     0  189.51018    0   54          -  189.51018      -     -    0s
     0     0  189.51018    0   40          -  189.51018      -     -    0s
     0     0  189.51018    0   40          -  189.51018      -     -    0s
     0     0  189.51018    0   40          -  189.51018      -     -    0s
     0     0  189.51018    0   40          -  189.51018      -     -    0s
     0     0  189.51018    0   40          -  189.51018      -     -    0s
     0     0  189.51018    0   40          -  189.51018      -     -    0s
     0     2  189.51018    0   40          -  189.51018      -     -    1s
*   30    26               7     215.5425653  204.64500  5.06%  82.2    2s

Cutting planes:
  Learned: 7
  Gomory: 4
  Cover: 8
  Implied bound: 78
  Clique: 1
  MIR: 28
  Zero half: 8

Explored 158 nodes (11241 simplex iterations) in 3.60 seconds
Thread count was 8 (of 8 available processors)

Solution count 1: 215.543 

Optimal solution found (tolerance 1.00e-04)
Best objective 2.155425652769e+02, best bound 2.155425652769e+02, gap 0.0000%

Gurobi 7.5.1 (mac64, Python) logging started Tue Oct 17 15:01:29 2017

Academic license - for non-commercial use only
Optimize a model with 20250 rows, 18900 columns and 120950 nonzeros
Variable types: 675 continuous, 18225 integer (18225 binary)
Coefficient statistics:
  Matrix range     [1e+00, 1e+04]
  Objective range  [2e+00, 5e+01]
  Bounds range     [1e+00, 1e+00]
  RHS range        [1e+00, 1e+04]
Presolve removed 11875 rows and 5675 columns
Presolve time: 0.15s
Presolved: 8375 rows, 13225 columns, 74475 nonzeros
Variable types: 675 continuous, 12550 integer (12550 binary)

Root relaxation: objective 1.469067e+02, 608 iterations, 0.03 seconds

    Nodes    |    Current Node    |     Objective Bounds      |     Work
 Expl Unexpl |  Obj  Depth IntInf | Incumbent    BestBd   Gap | It/Node Time

     0     0  146.90669    0   50          -  146.90669      -     -    0s
     0     0  146.90669    0   53          -  146.90669      -     -    0s
     0     0  146.90669    0   53          -  146.90669      -     -    0s
     0     0  146.90669    0   53          -  146.90669      -     -    0s
     0     0  146.90669    0   53          -  146.90669      -     -    0s
     0     0  146.90669    0   53          -  146.90669      -     -    0s
     0     0  146.90669    0   53          -  146.90669      -     -    0s
     0     0  146.90669    0   50          -  146.90669      -     -    0s
     0     0  146.90669    0   50          -  146.90669      -     -    0s
     0     0  146.90669    0   50          -  146.90669      -     -    0s
     0     0  146.90669    0   50          -  146.90669      -     -    1s
     0     2  146.90669    0   50          -  146.90669      -     -    1s
   307   308  179.04631   61   33          -  148.67652      -  41.9    5s
   992   944  300.60338  222    8          -  148.71215      -  29.5   10s
* 1055   981             253     339.6264137  148.73442  56.2%  29.5   10s
H 1106   980                     334.8775144  148.75197  55.6%  29.6   11s
H 1139   949                     283.2734516  150.71579  46.8%  32.3   13s
H 1170   918                     267.1649554  151.05958  43.5%  32.3   13s
H 1203   896                     260.4127035  151.05958  42.0%  32.9   14s
H 1205   856                     256.4636010  151.05958  41.1%  32.9   14s
H 1206   817                     254.0034114  151.05958  40.5%  32.9   14s
  1238   837  167.02349   25   30  254.00341  151.05958  40.5%  33.5   15s
H 1479   922                     248.5455556  151.05958  39.2%  36.1   17s
H 1481   886                     242.2864606  151.05958  37.7%  36.2   17s
  2070  1123  165.75988   49   60  242.28646  152.28806  37.1%  36.8   20s
  3229  1589  177.70179   40   53  242.28646  154.05696  36.4%  36.7   25s
H 4174  2153                     240.4576603  157.57241  34.5%  35.6   29s
  4230  2196  172.02862   24   42  240.45766  157.57241  34.5%  35.8   31s
* 4334  2246              58     239.6597533  157.92501  34.1%  36.0   31s
  5411  3026  225.46551   63   28  239.65975  158.52033  33.9%  35.4   35s
H 5686  3186                     238.7693207  158.66238  33.5%  35.2   36s
  6666  3797  183.48607   27   28  238.76932  159.09395  33.4%  35.4   40s
  8087  4637  183.27848   43   61  238.76932  159.63766  33.1%  34.5   45s
  9282  5321  187.31270   29   34  238.76932  160.30992  32.9%  36.0   50s
 10354  5998  173.96498   29   42  238.76932  160.81573  32.6%  35.5   55s
 12064  7242  176.16729   33   38  238.76932  161.22646  32.5%  34.7   60s
 13822  8414  180.93053   29   35  238.76932  161.49901  32.4%  34.5   66s
 15262  9381  161.71365   25   50  238.76932  161.71323  32.3%  34.2   70s
 16601 10115  199.51344   39   30  238.76932  161.89260  32.2%  34.3   75s
 18329 11049  238.38705   30   16  238.76932  162.23784  32.1%  34.1   80s
 18994 11375     cutoff   50       238.76932  162.41646  32.0%  34.1   85s
 20419 12104  170.95046   31   31  238.76932  162.74170  31.8%  34.0   90s
 20707 12250  164.31247   30   50  238.76932  162.76099  31.8%  34.0  106s
 20725 12262  183.58427   43   55  238.76932  164.24403  31.2%  33.9  110s
H20736 11655                     238.0628420  164.24403  31.0%  33.9  113s
 20742 11659  225.33826   63   53  238.06284  164.24403  31.0%  33.9  115s
 20755 11672  166.21861   23   53  238.06284  164.38287  30.9%  34.1  120s
 20818 11703  217.54747   34   24  238.06284  164.48521  30.9%  34.2  125s
H20867 11147                     237.8937939  164.48521  30.9%  34.3  127s
 20937 11165  233.66869   55   21  237.89379  164.48521  30.9%  34.4  131s
H21078 10638                     235.4511049  164.48521  30.1%  34.5  134s
 21080 10641  180.70330   53   45  235.45110  164.48521  30.1%  34.5  135s
 21448 10751  213.27854   34   30  235.45110  167.01916  29.1%  34.8  140s
 21944 10901  173.53268   38   50  235.45110  168.17350  28.6%  35.1  145s
 22576 11104  183.80130   32   42  235.45110  168.95417  28.2%  35.7  150s
 23471 11335  209.74453   46   43  235.45110  169.42414  28.0%  36.3  155s
 24514 11619  204.12454   60   42  235.45110  170.36203  27.6%  37.1  160s
 25915 12101  212.26087   56   33  235.45110  170.95317  27.4%  37.6  166s
 26846 12465  171.33787   39   43  235.45110  171.06636  27.3%  38.1  170s
 28005 12866  217.10879  100   49  235.45110  171.19209  27.3%  38.3  175s
 29279 13334  204.77615   67   35  235.45110  171.33086  27.2%  38.5  180s
 30524 13678  203.81523   47   30  235.45110  171.56449  27.1%  38.7  186s
 31311 13919  201.55728   66   52  235.45110  171.68395  27.1%  39.1  191s
 32260 14201     cutoff   57       235.45110  171.79671  27.0%  39.4  195s
 33840 14686  181.95794   33   44  235.45110  171.94235  27.0%  39.7  201s
H34187 14228                     235.4136257  171.98787  26.9%  39.8  204s
 34327 14248  182.39801   44   54  235.41363  172.00197  26.9%  39.9  206s
H34435 13620                     230.2130658  172.00654  25.3%  40.1  206s
 35015 13702  221.23974   54   33  230.21307  172.08883  25.2%  40.3  210s
 36283 13835  206.53025   50   43  230.21307  172.25697  25.2%  40.8  216s
 37115 13900  183.99905   41   20  230.21307  172.42281  25.1%  41.3  220s
 38172 14050  185.48703   45   51  230.21307  172.57414  25.0%  41.9  226s
 39006 14163  213.68631   60   23  230.21307  172.67613  25.0%  42.3  230s
 40279 14309  192.07021   46   70  230.21307  172.86261  24.9%  42.6  235s
 41492 14604  187.44150   97   38  230.21307  173.04103  24.8%  42.9  241s
 42556 14786  201.21372   43   49  230.21307  173.14140  24.8%  43.0  246s
 43976 15009  212.06110   55   41  230.21307  173.26769  24.7%  43.3  251s
 44784 15132  197.54241   57   41  230.21307  173.39952  24.7%  43.5  255s
 46202 15431  209.38298   42   38  230.21307  173.51121  24.6%  43.7  260s
 47658 15654  177.84333   37   61  230.21307  173.68026  24.6%  44.0  265s
 48995 15879  178.64643   47   59  230.21307  173.78456  24.5%  44.1  270s
 50257 16449  174.00157   44   38  230.21307  173.90995  24.5%  44.4  275s
 51359 16943  199.82846   45   50  230.21307  174.05585  24.4%  44.7  280s
 52562 17556 infeasible   44       230.21307  174.16709  24.3%  44.9  285s
 53790 18160  203.76634   58   31  230.21307  174.26967  24.3%  45.1  290s
 55055 18823  186.46696   40   54  230.21307  174.37591  24.3%  45.2  295s
 56410 19433  189.07543   42   38  230.21307  174.54120  24.2%  45.4  300s
 57622 19967  175.70520   40   51  230.21307  174.63424  24.1%  45.6  306s
 58444 20337  191.99942   53   66  230.21307  174.76404  24.1%  45.7  310s
 59593 20882  195.15999   43   48  230.21307  174.85983  24.0%  45.8  315s
H60263 20311                     222.8648190  174.89120  21.5%  45.9  317s
 60891 20587  207.55286   45   52  222.86482  174.91879  21.5%  46.0  322s
H60942 20182                     220.6476585  174.91879  20.7%  46.0  322s
H61057 19883                     219.3335615  174.95619  20.2%  46.0  323s

Cutting planes:
  Learned: 41
  Gomory: 111
  Cover: 1
  Implied bound: 290
  MIR: 8
  Flow cover: 76
  Zero half: 358

Explored 61288 nodes (2825034 simplex iterations) in 323.90 seconds
Thread count was 8 (of 8 available processors)

Solution count 10: 219.334 220.648 222.865 ... 239.66

Solve interrupted
Best objective 2.193335615433e+02, best bound 1.749568922138e+02, gap 20.2325%

Gurobi 7.5.1 (mac64, Python) logging started Tue Oct 17 15:08:10 2017

Academic license - for non-commercial use only
Optimize a model with 20250 rows, 18900 columns and 120950 nonzeros
Variable types: 675 continuous, 18225 integer (18225 binary)
Coefficient statistics:
  Matrix range     [1e+00, 1e+04]
  Objective range  [1e+00, 4e+01]
  Bounds range     [1e+00, 1e+00]
  RHS range        [1e+00, 1e+04]
Presolve removed 15675 rows and 7675 columns
Presolve time: 0.15s
Presolved: 4575 rows, 11225 columns, 67525 nonzeros
Variable types: 675 continuous, 10550 integer (10550 binary)

Root relaxation: objective 1.840273e+02, 1379 iterations, 0.08 seconds

    Nodes    |    Current Node    |     Objective Bounds      |     Work
 Expl Unexpl |  Obj  Depth IntInf | Incumbent    BestBd   Gap | It/Node Time

     0     0  184.02728    0   29          -  184.02728      -     -    0s
     0     0  184.02728    0   29          -  184.02728      -     -    0s
     0     0  184.02728    0   29          -  184.02728      -     -    0s
     0     0  184.02728    0   29          -  184.02728      -     -    0s
     0     0  184.02728    0   29          -  184.02728      -     -    0s
     0     0  184.02728    0   29          -  184.02728      -     -    0s
     0     0  184.02728    0   29          -  184.02728      -     -    0s
     0     0  184.02728    0   29          -  184.02728      -     -    0s
     0     0  184.02728    0   29          -  184.02728      -     -    1s
H    0     0                     193.8695779  184.02728  5.08%     -    1s
     0     0  184.02728    0   29  193.86958  184.02728  5.08%     -    1s
     0     0  184.02728    0  186  193.86958  184.02728  5.08%     -    1s
     0     0  184.02728    0   71  193.86958  184.02728  5.08%     -    1s
     0     0  184.02728    0   30  193.86958  184.02728  5.08%     -    1s
     0     0  184.02728    0   30  193.86958  184.02728  5.08%     -    1s
     0     0  184.02728    0   30  193.86958  184.02728  5.08%     -    1s
H    0     0                     191.8136198  184.02728  4.06%     -    1s
     0     0  184.02728    0   30  191.81362  184.02728  4.06%     -    1s
     0     0  184.02728    0   30  191.81362  184.02728  4.06%     -    1s
     0     0  184.02728    0   30  191.81362  184.02728  4.06%     -    1s
     0     0     cutoff    0       191.81362  191.81362  0.00%     -    1s

Explored 1 nodes (6185 simplex iterations) in 1.92 seconds
Thread count was 8 (of 8 available processors)

Solution count 2: 191.814 193.87 

Optimal solution found (tolerance 1.00e-04)
Best objective 1.918136197787e+02, best bound 1.918136197787e+02, gap 0.0000%

Gurobi 7.5.1 (mac64, Python) logging started Tue Oct 17 15:08:40 2017

Academic license - for non-commercial use only
Optimize a model with 20250 rows, 18900 columns and 120950 nonzeros
Variable types: 675 continuous, 18225 integer (18225 binary)
Coefficient statistics:
  Matrix range     [1e+00, 1e+04]
  Objective range  [1e+00, 4e+01]
  Bounds range     [1e+00, 1e+00]
  RHS range        [1e+00, 1e+04]
Presolve removed 9000 rows and 4275 columns
Presolve time: 0.15s
Presolved: 11250 rows, 14625 columns, 83575 nonzeros
Variable types: 675 continuous, 13950 integer (13950 binary)

Root relaxation: objective 8.157977e+01, 758 iterations, 0.04 seconds

    Nodes    |    Current Node    |     Objective Bounds      |     Work
 Expl Unexpl |  Obj  Depth IntInf | Incumbent    BestBd   Gap | It/Node Time

     0     0   81.57977    0   50          -   81.57977      -     -    0s
     0     0   81.57977    0  126          -   81.57977      -     -    0s
     0     0   81.57977    0  134          -   81.57977      -     -    0s
     0     0   81.57977    0   50          -   81.57977      -     -    0s
     0     0   81.57977    0   50          -   81.57977      -     -    0s
     0     0   81.57977    0   50          -   81.57977      -     -    1s
     0     0   81.57977    0   50          -   81.57977      -     -    1s
     0     0   81.57977    0   50          -   81.57977      -     -    1s
     0     0   81.57977    0   50          -   81.57977      -     -    1s
     0     2   81.57977    0   50          -   81.57977      -     -    2s
    43    41   86.38095    9   93          -   82.41755      -  58.4    5s
   154   154  118.07094   31  161          -   82.41755      -  83.8   10s
H  291   288                     259.6841251   82.41755  68.3%  64.0   11s
H  300   300                     248.6884570   82.41755  66.9%  63.6   12s
H  353   346                     243.2736371   82.41755  66.1%  72.4   13s
H  405   393                     236.9684804   82.41755  65.2%  70.4   13s
   433   412  146.02829   86   64  236.96848   82.41755  65.2%  73.2   15s
H  466   406                     196.9601517   82.41755  58.2%  75.4   19s
   505   431  153.82222   98   74  196.96015   82.41755  58.2%  79.9   24s
   519   438  154.82553  102   60  196.96015   82.41755  58.2%  82.3   25s
   987   769  124.15264   12   83  196.96015   86.26379  56.2%  80.7   30s
  1059   826  109.83658   16  275  196.96015  103.03588  47.7%  84.3   35s
  1087   843  121.07453   21  135  196.96015  120.32473  38.9%  88.1   40s
  1197   894  139.45968   33   35  196.96015  122.18577  38.0%  91.5   47s
  1367   953  158.84337   36   44  196.96015  122.99982  37.6%  90.1   50s
  1748  1081  188.07786   66   43  196.96015  129.48458  34.3%  86.5   55s
  2142  1230  183.87912   54   49  196.96015  130.38727  33.8%  89.1   60s
  2554  1404  163.30199   65   69  196.96015  130.60766  33.7%  91.7   65s
  2942  1540  153.91927   37   44  196.96015  131.38735  33.3%  90.4   70s
H 2959  1500                     196.0831661  131.38735  33.0%  90.6   70s
  3484  1693  171.65215   44   87  196.08317  132.30113  32.5%  93.0   75s
  4071  2046  155.09189   34   70  196.08317  133.40027  32.0%  93.0   80s
  4674  2412  150.79045   27   57  196.08317  133.80843  31.8%  90.4   85s
  5211  2759  175.76695   37   48  196.08317  134.09241  31.6%  91.3   90s
  5793  3100  135.84238   29   28  196.08317  134.56768  31.4%  93.2   95s
  6201  3340  135.38202   30   28  196.08317  134.75019  31.3%  92.4  100s
  7062  3878  190.00493   36   17  196.08317  135.50229  30.9%  90.5  105s
  8109  4397  181.16261   45   14  196.08317  136.08927  30.6%  88.0  112s
  8907  4833  143.76719   55   53  196.08317  136.35253  30.5%  86.1  117s
  9658  5332  162.18565   42   39  196.08317  136.59937  30.3%  83.9  122s
 10096  5590     cutoff   43       196.08317  136.75603  30.3%  83.0  127s
 10378  5748  192.86683   37   68  196.08317  136.80407  30.2%  82.6  131s
 10854  6038  179.21038   60   61  196.08317  136.97008  30.1%  81.5  135s
 11358  6305  140.69205   43   75  196.08317  137.17875  30.0%  80.6  140s
 12405  6861 infeasible   60       196.08317  137.50222  29.9%  80.3  148s
 12703  6978  149.05983   42   34  196.08317  137.61295  29.8%  80.2  150s
 13728  7569 infeasible   61       196.08317  137.94635  29.6%  79.3  156s
 14623  8027 infeasible   40       196.08317  138.06119  29.6%  78.8  161s
 15537  8417  191.18395   37   29  196.08317  138.31486  29.5%  78.5  167s
 16054  8658     cutoff   48       196.08317  138.31486  29.5%  78.5  172s
H16058  8635                     195.4350033  138.31486  29.2%  78.5  172s
 16576  8883     cutoff   43       195.43500  138.59733  29.1%  78.2  177s
 17047  9081  170.84077   48   19  195.43500  138.69065  29.0%  77.9  180s
 17962  9485  175.36284   72   16  195.43500  138.94805  28.9%  77.7  186s
H18396  9675                     195.2411408  139.01294  28.8%  77.8  189s
 18703  9805  163.68534   30   98  195.24114  139.04150  28.8%  77.6  192s
 19169  9980 infeasible   45       195.24114  139.20522  28.7%  77.5  195s
 20032 10401  167.54089   52  100  195.24114  139.38713  28.6%  77.2  200s
 20910 10795  174.85895   52   50  195.24114  139.59364  28.5%  77.2  228s
 20917 10800  182.28249   47  130  195.24114  139.59364  28.5%  77.2  230s
H20920 10261                     195.2161754  139.59364  28.5%  77.2  232s
H20924  9750                     192.2096027  139.59364  27.4%  77.2  234s
 20927  9752  183.44726   53   52  192.20960  139.59364  27.4%  77.2  235s
 20940  9761  144.04432   46   82  192.20960  139.59364  27.4%  77.1  240s
 20946  9765  152.26484   45   77  192.20960  139.59364  27.4%  77.1  245s
 20952  9774  139.59364   32   88  192.20960  139.59364  27.4%  77.4  251s
 20960  9779  139.59364   33  100  192.20960  139.59364  27.4%  77.4  255s
 20972  9787  139.59364   35  269  192.20960  139.59364  27.4%  77.5  260s
 20986  9792  139.59364   37  123  192.20960  139.59364  27.4%  77.5  265s
 21014  9804  139.59364   40   95  192.20960  139.59364  27.4%  77.7  270s
 21083  9831  139.59364   50   88  192.20960  139.59364  27.4%  77.8  275s
 21187  9875 infeasible   64       192.20960  139.59364  27.4%  78.3  280s
 21369  9925  186.31669   53   53  192.20960  139.59364  27.4%  78.8  285s
 21530  9972  176.50220   76   24  192.20960  139.59364  27.4%  79.2  290s
 21767 10010     cutoff   55       192.20960  139.59364  27.4%  79.5  299s
 21793 10005  180.38880   51  163  192.20960  139.59364  27.4%  79.5  300s
 22040 10052  188.28485   71  100  192.20960  139.59364  27.4%  80.1  305s
 22405 10128  175.07883   84  120  192.20960  139.59364  27.4%  80.7  310s
 22751 10182  182.12995   55   43  192.20960  139.59364  27.4%  81.1  316s
 23126 10266  155.46393   39   79  192.20960  139.59364  27.4%  81.4  321s
 23409 10321  146.70100   39   50  192.20960  139.59364  27.4%  82.1  325s
 23922 10496  186.89711   54   77  192.20960  139.59364  27.4%  82.6  331s
 24378 10627  168.65705   47   42  192.20960  139.59364  27.4%  82.6  335s
 25128 10829  186.46862   76   61  192.20960  139.59364  27.4%  83.1  342s
 25552 10875  154.32393   48   25  192.20960  140.03464  27.1%  83.5  347s
 26263 11038     cutoff   63       192.20960  140.63318  26.8%  83.6  353s
 26630 11106     cutoff   47       192.20960  141.56586  26.3%  83.8  356s
 27266 11231  185.81085   49  121  192.20960  142.27422  26.0%  84.1  362s
 27637 11297  176.80896   55   28  192.20960  142.49019  25.9%  84.4  366s
 28599 11433  185.52841   57   55  192.20960  143.02991  25.6%  84.5  372s
 29044 11488  143.55210   40   46  192.20960  143.20078  25.5%  84.9  375s
 29972 11634  144.68193   50   44  192.20960  143.73345  25.2%  85.4  381s
 30503 11761  145.21066   42   99  192.20960  144.08406  25.0%  85.5  385s
 31393 11868  166.85519   62   50  192.20960  144.43972  24.9%  85.9  393s
 32014 11926  169.07060   54   93  192.20960  144.56597  24.8%  86.1  396s
 33191 12055  184.32071   55   49  192.20960  145.31533  24.4%  86.2  403s
 33684 12159  150.28462   52   97  192.20960  145.31773  24.4%  86.3  406s
 34177 12214  150.95594   50   68  192.20960  145.50199  24.3%  86.6  410s
 34707 12257  184.59324   50   26  192.20960  145.79120  24.1%  86.8  416s
 35163 12314 infeasible   58       192.20960  145.84021  24.1%  87.2  420s
 36281 12405  160.54123   66   31  192.20960  146.24196  23.9%  87.6  426s
 37424 12502     cutoff   50       192.20960  146.59810  23.7%  87.6  432s
 38379 12555 infeasible   76       192.20960  146.78436  23.6%  88.0  437s
 38886 12607     cutoff   59       192.20960  146.93025  23.6%  87.9  440s
 39871 12679  185.86482   50   72  192.20960  147.12718  23.5%  88.1  445s
 40904 12757  185.42224   88   88  192.20960  147.38120  23.3%  88.2  451s
 41970 12821  180.79704   61   66  192.20960  147.57381  23.2%  88.1  457s
 42496 12863     cutoff   97       192.20960  147.70291  23.2%  88.0  460s
 43477 12883     cutoff   81       192.20960  147.85721  23.1%  88.2  465s
 44407 12903  188.02544   81   42  192.20960  148.23025  22.9%  88.5  470s
 45203 13003     cutoff   70       192.20960  148.38531  22.8%  88.7  475s
 45630 13004  158.95837   60   76  192.20960  148.47294  22.8%  88.8  482s
 46056 13014  172.67750   55   64  192.20960  148.56006  22.7%  88.8  485s
 46925 13069  183.86888   79   21  192.20960  148.74945  22.6%  88.9  490s
 47825 13128  177.29598   56   41  192.20960  148.92761  22.5%  88.9  495s
 48730 13193  157.29408   47   40  192.20960  149.12487  22.4%  88.7  500s
 49633 13278  169.99932   41   66  192.20960  149.31722  22.3%  88.9  505s
 50506 13368  183.85499   55   41  192.20960  149.54146  22.2%  89.0  511s
 51357 13610  182.28445   65   53  192.20960  149.76079  22.1%  89.1  516s
 52205 13826  166.19605   51   74  192.20960  149.96818  22.0%  89.4  522s
 52648 13966     cutoff   47       192.20960  149.99419  22.0%  89.4  525s
 53533 14236  177.51510   64  108  192.20960  150.19864  21.9%  89.3  531s
 54406 14440  154.10247   50   60  192.20960  150.51404  21.7%  89.5  537s
 54869 14572  175.11639   50   88  192.20960  150.59313  21.7%  89.6  540s
 56166 15002  163.19291   68   89  192.20960  150.89927  21.5%  89.6  547s
 57049 15280  188.41478   71   79  192.20960  151.01523  21.4%  89.7  552s
 57465 15440  177.96991   50   95  192.20960  151.13362  21.4%  89.8  556s
 57911 15577     cutoff   53       192.20960  151.21771  21.3%  89.9  561s
 58803 15816  159.05016   51   70  192.20960  151.37834  21.2%  90.0  566s
 59716 16070  162.21047   56   97  192.20960  151.58879  21.1%  90.0  571s
 60567 16384  183.44235   92   28  192.20960  151.69911  21.1%  90.0  576s
 61550 16673     cutoff   74       192.20960  151.91483  21.0%  89.9  581s
 62403 16920  171.32376   50   73  192.20960  152.05454  20.9%  90.0  586s
 63233 17182  159.19977   55   33  192.20960  152.19601  20.8%  90.1  592s
 64151 17480  161.17185   55  111  192.20960  152.30765  20.8%  90.1  597s
 64976 17777 infeasible   74       192.20960  152.40719  20.7%  90.3  602s
 65442 17921  174.31280   48   23  192.20960  152.45050  20.7%  90.3  605s
 66311 18262  176.48016  100    4  192.20960  152.54385  20.6%  90.3  610s
 67154 18501  171.57236   82   36  192.20960  152.73608  20.5%  90.3  615s
 68136 18784  152.93509   47   67  192.20960  152.88928  20.5%  90.3  620s
 69046 19045 infeasible  125       192.20960  153.06537  20.4%  90.2  625s
 70230 19353  164.24659   96   70  192.20960  153.24579  20.3%  90.3  631s
 71167 19587     cutoff   73       192.20960  153.46719  20.2%  90.2  636s
 72157 19831 infeasible   88       192.20960  153.62557  20.1%  90.1  640s
 72974 20054  181.41225   56   31  192.20960  153.79400  20.0%  90.1  646s
 73884 20248     cutoff   44       192.20960  153.95012  19.9%  90.0  651s
 74777 20462  189.15468   50   20  192.20960  154.08883  19.8%  90.1  656s
 75556 20724  179.27511   69   95  192.20960  154.23248  19.8%  90.2  660s
 76236 20911  159.86396   81   42  192.20960  154.31759  19.7%  90.2  665s
 77443 21244  162.58125   51  121  192.20960  154.48358  19.6%  90.2  672s
 78297 21495  176.31650   50  237  192.20960  154.61733  19.6%  90.2  676s
 79114 21790     cutoff   55       192.20960  154.72977  19.5%  90.2  680s
 79974 22041  186.11221   77   32  192.20960  154.83137  19.4%  90.2  685s
H80490 21942                     190.7376294  154.90017  18.8%  90.2  687s
 80869 22080  189.77551   66   96  190.73763  154.98017  18.7%  90.1  691s
 80926 22070  167.80087   80   35  190.73763  154.99392  18.7%  90.2  695s
 81578 22148  164.42945   56   53  190.73763  155.08596  18.7%  90.2  700s
 82942 22480  184.90376   50   59  190.73763  155.28527  18.6%  90.2  706s
 83663 22748  164.72226   69   20  190.73763  155.39077  18.5%  90.1  713s
 84137 22885     cutoff   65       190.73763  155.47531  18.5%  90.1  715s
 84956 23097  163.28226   50   43  190.73763  155.56272  18.4%  90.1  720s
 85753 23272     cutoff   66       190.73763  155.66325  18.4%  90.2  725s
 86571 23476  189.73879   55   42  190.73763  155.75472  18.3%  90.2  730s
 87860 23804  184.48597   51   31  190.73763  155.96016  18.2%  90.1  736s
 88643 24023  186.89031   53   66  190.73763  156.05472  18.2%  90.2  741s
 89366 24223  159.55709   66   55  190.73763  156.14849  18.1%  90.2  745s
 90566 24581  166.62714   79   67  190.73763  156.28240  18.1%  90.2  751s
 91383 24751  158.61179   52   88  190.73763  156.36316  18.0%  90.2  756s
 92218 25021  184.43127   49   21  190.73763  156.44901  18.0%  90.2  760s
 92951 25208  159.81228   58   42  190.73763  156.54266  17.9%  90.3  765s
 94155 25506  177.21504   69   94  190.73763  156.69474  17.8%  90.3  772s
 95013 25749  162.12931   55   89  190.73763  156.76410  17.8%  90.3  776s
 95779 26023  167.79462   70   65  190.73763  156.88364  17.7%  90.2  781s

Cutting planes:
  Learned: 74
  Gomory: 125
  Implied bound: 200
  MIR: 4
  Flow cover: 55
  Zero half: 248

Explored 96917 nodes (8752171 simplex iterations) in 784.96 seconds
Thread count was 8 (of 8 available processors)

Solution count 10: 190.738 192.21 195.216 ... 248.688

Solve interrupted
Best objective 1.907376293619e+02, best bound 1.570324930337e+02, gap 17.6709%
